2021-07-01 10:45:38,156 INFO       server Parameters parsed OK
2021-07-01 10:45:38,157 INFO       server Server started
2021-07-01 10:46:18,463 INFO       server Parameters parsed OK
2021-07-01 10:46:18,464 INFO       server Server started
2021-07-01 10:47:36,554 CRITICAL   server Server failed to start
2021-07-01 12:03:28,427 INFO       server Parameters parsed OK
2021-07-01 12:03:28,427 INFO       server Server started OK
2021-07-01 12:03:44,371 CRITICAL   server Server failed to start
2021-07-01 12:03:58,372 INFO       server Parameters parsed OK
2021-07-01 12:03:58,373 INFO       server Server started OK
2021-07-01 12:13:48,530 INFO       server Parameters parsed OK
2021-07-01 12:13:48,534 INFO       server Server started OK
Parameters parsed OK
2021-07-01 12:14:03,877 INFO       server Parameters parsed OK
Server started OK
2021-07-01 12:14:03,878 INFO       server Server started OK
2021-07-05 10:58:18,748 INFO       server Parameters parsed OK
2021-07-05 10:58:18,751 INFO       server Server started OK
Entering start_server
2021-07-05 13:55:11,836 INFO       log_decorator Entering start_server
Function start_server called from function: <module>
2021-07-05 13:55:11,836 INFO       log_decorator Function start_server called from function: <module>
Entering parse_params
2021-07-05 13:55:11,837 INFO       log_decorator Entering parse_params
Function parse_params called from function: start_server
2021-07-05 13:55:11,838 INFO       log_decorator Function parse_params called from function: start_server
Parameters parsed OK
2021-07-05 13:55:11,868 INFO       server Parameters parsed OK
Exiting parse_params
2021-07-05 13:55:11,868 INFO       log_decorator Exiting parse_params
Server started OK
2021-07-05 13:55:11,868 INFO       server Server started OK
Exiting start_server
2021-07-05 13:55:11,868 INFO       log_decorator Exiting start_server
Entering start_server
2021-07-05 13:56:41,942 INFO       log_decorator Entering start_server
Function start_server called from function: <module>
2021-07-05 13:56:41,942 INFO       log_decorator Function start_server called from function: <module>
Entering parse_params
2021-07-05 13:56:41,943 INFO       log_decorator Entering parse_params
Function parse_params called from function: start_server
2021-07-05 13:56:41,943 INFO       log_decorator Function parse_params called from function: start_server
Parameters parsed OK
2021-07-05 13:56:41,958 INFO       server Parameters parsed OK
Exiting parse_params
2021-07-05 13:56:41,958 INFO       log_decorator Exiting parse_params
Server started OK
2021-07-05 13:56:41,958 INFO       server Server started OK
Exiting start_server
2021-07-05 13:56:41,958 INFO       log_decorator Exiting start_server
Entering form_response
2021-07-05 13:56:51,237 INFO       log_decorator Entering form_response
Function form_response called from function: <module>
2021-07-05 13:56:51,237 INFO       log_decorator Function form_response called from function: <module>
Exiting form_response
2021-07-05 13:56:51,237 INFO       log_decorator Exiting form_response
